<?xml version="1.0" encoding="UTF-8"?>
<testng-results ignored="0" total="4" passed="4" failed="0" skipped="0">
  <reporter-output>
  </reporter-output>
  <suite started-at="2025-10-16T18:43:20 IST" name="Default suite" finished-at="2025-10-16T18:43:24 IST" duration-ms="3676">
    <groups>
      <group name="cucumber">
        <method signature="AbstractTestNGCucumberTests.runScenario(io.cucumber.testng.PickleWrapper,io.cucumber.testng.FeatureWrapper)[pri:0, instance:testRunner.ecommerce_TestRunner@1e66f1f5]" name="runScenario" class="io.cucumber.testng.AbstractTestNGCucumberTests"/>
      </group> <!-- cucumber -->
    </groups>
    <test started-at="2025-10-16T18:43:20 IST" name="Default test" finished-at="2025-10-16T18:43:24 IST" duration-ms="3676">
      <class name="testRunner.ecommerce_TestRunner">
        <test-method is-config="true" signature="setUpClass(org.testng.ITestContext)[pri:0, instance:testRunner.ecommerce_TestRunner@1e66f1f5]" started-at="2025-10-16T18:43:20 IST" name="setUpClass" finished-at="2025-10-16T18:43:20 IST" duration-ms="197" status="PASS">
          <params>
            <param index="0">
              <value>
                <![CDATA[org.testng.TestRunner@49232c6f]]>
              </value>
            </param>
          </params>
          <reporter-output>
          </reporter-output>
        </test-method> <!-- setUpClass -->
        <test-method signature="runScenario(io.cucumber.testng.PickleWrapper,io.cucumber.testng.FeatureWrapper)[pri:0, instance:testRunner.ecommerce_TestRunner@1e66f1f5]" started-at="2025-10-16T18:43:20 IST" name="runScenario" description="Runs Cucumber Scenarios" data-provider="scenarios" finished-at="2025-10-16T18:43:23 IST" duration-ms="2466" status="PASS">
          <params>
            <param index="0">
              <value>
                <![CDATA["Login into Ecommerce website using valid credentials"]]>
              </value>
            </param>
            <param index="1">
              <value>
                <![CDATA["Ecommerce End-to-End Test Scenarios"]]>
              </value>
            </param>
          </params>
          <reporter-output>
          </reporter-output>
        </test-method> <!-- runScenario -->
        <test-method signature="runScenario(io.cucumber.testng.PickleWrapper,io.cucumber.testng.FeatureWrapper)[pri:0, instance:testRunner.ecommerce_TestRunner@1e66f1f5]" started-at="2025-10-16T18:43:23 IST" name="runScenario" description="Runs Cucumber Scenarios" data-provider="scenarios" finished-at="2025-10-16T18:43:23 IST" duration-ms="527" status="PASS">
          <params>
            <param index="0">
              <value>
                <![CDATA["Add new products into the Ecommerce website"]]>
              </value>
            </param>
            <param index="1">
              <value>
                <![CDATA["Ecommerce End-to-End Test Scenarios"]]>
              </value>
            </param>
          </params>
          <reporter-output>
          </reporter-output>
        </test-method> <!-- runScenario -->
        <test-method signature="runScenario(io.cucumber.testng.PickleWrapper,io.cucumber.testng.FeatureWrapper)[pri:0, instance:testRunner.ecommerce_TestRunner@1e66f1f5]" started-at="2025-10-16T18:43:23 IST" name="runScenario" description="Runs Cucumber Scenarios" data-provider="scenarios" finished-at="2025-10-16T18:43:24 IST" duration-ms="257" status="PASS">
          <params>
            <param index="0">
              <value>
                <![CDATA["Create a new order in the Ecommerce website"]]>
              </value>
            </param>
            <param index="1">
              <value>
                <![CDATA["Ecommerce End-to-End Test Scenarios"]]>
              </value>
            </param>
          </params>
          <reporter-output>
          </reporter-output>
        </test-method> <!-- runScenario -->
        <test-method signature="runScenario(io.cucumber.testng.PickleWrapper,io.cucumber.testng.FeatureWrapper)[pri:0, instance:testRunner.ecommerce_TestRunner@1e66f1f5]" started-at="2025-10-16T18:43:24 IST" name="runScenario" description="Runs Cucumber Scenarios" data-provider="scenarios" finished-at="2025-10-16T18:43:24 IST" duration-ms="166" status="PASS">
          <params>
            <param index="0">
              <value>
                <![CDATA["Delete the product in the Ecommerce website"]]>
              </value>
            </param>
            <param index="1">
              <value>
                <![CDATA["Ecommerce End-to-End Test Scenarios"]]>
              </value>
            </param>
          </params>
          <reporter-output>
          </reporter-output>
        </test-method> <!-- runScenario -->
        <test-method is-config="true" signature="tearDownClass()[pri:0, instance:testRunner.ecommerce_TestRunner@1e66f1f5]" started-at="2025-10-16T18:43:24 IST" name="tearDownClass" finished-at="2025-10-16T18:43:24 IST" duration-ms="4" status="PASS">
          <reporter-output>
          </reporter-output>
        </test-method> <!-- tearDownClass -->
      </class> <!-- testRunner.ecommerce_TestRunner -->
    </test> <!-- Default test -->
  </suite> <!-- Default suite -->
</testng-results>
