<?xml version="1.0" encoding="UTF-8"?>
<!-- Generated by org.testng.reporters.JUnitReportReporter -->
<testsuite hostname="LIN-5CD5265GX5" failures="0" tests="4" name="testRunner.ecommerce_TestRunner" time="3.416" errors="0" timestamp="2025-10-16T18:43:24 IST" skipped="0">
  <testcase classname="testRunner.ecommerce_TestRunner" name="runScenario" time="2.466"/>
  <testcase classname="testRunner.ecommerce_TestRunner" name="runScenario" time="0.257"/>
  <testcase classname="testRunner.ecommerce_TestRunner" name="runScenario" time="0.166"/>
  <testcase classname="testRunner.ecommerce_TestRunner" name="runScenario" time="0.527"/>
</testsuite> <!-- testRunner.ecommerce_TestRunner -->
